{
  "stats": {
    "suites": 1,
    "tests": 7,
    "passes": 7,
    "pending": 0,
    "failures": 0,
    "start": "2026-09-01T00:51:15.304Z",
    "end": "2026-09-01T00:51:33.385Z",
    "duration": 18081,
    "testsRegistered": 7,
    "passPercent": 100,
    "pendingPercent": 0,
    "other": 0,
    "hasOther": false,
    "skipped": 0,
    "hasSkipped": false
  },
  "results": [
    {
      "uuid": "bd5470ce-fa89-4b54-9526-fdbc16279cef",
      "title": "",
      "fullFile": "cypress\\e2e\\tickets.cy.js",
      "file": "cypress\\e2e\\tickets.cy.js",
      "beforeHooks": [],
      "afterHooks": [],
      "tests": [],
      "suites": [
        {
          "uuid": "3dcd7510-2a0b-437e-8e8a-cdd2677abdd8",
          "title": "Pruebas E2E - Módulo de Tickets SIGMA",
          "fullFile": "",
          "file": "",
          "beforeHooks": [],
          "afterHooks": [],
          "tests": [
            {
              "title": "Debe cargar correctamente el módulo de Tickets",
              "fullTitle": "Pruebas E2E - Módulo de Tickets SIGMA Debe cargar correctamente el módulo de Tickets",
              "timedOut": null,
              "duration": 3287,
              "state": "passed",
              "speed": "fast",
              "pass": true,
              "fail": false,
              "pending": false,
              "context": null,
              "code": "// Verificar título\ncy.contains(\"Tickets\").should(\"be.visible\");\n// Verificar filtros\ncy.contains(\"Filtros rápidos\").should(\"be.visible\");\ncy.get(\".input-busqueda\").should(\"be.visible\");\n// Verificar filtros principales\ncy.contains(\"Estado:\").should(\"be.visible\");\ncy.contains(\"Prioridad:\").should(\"be.visible\");\ncy.contains(\"Activo:\").should(\"be.visible\");\ncy.contains(\"Responsable:\").should(\"be.visible\");\n// Verificar botón Nuevo ticket\ncy.contains(\"Nuevo ticket\").should(\"be.visible\");",
              "err": {},
              "uuid": "6e0230b6-c2a8-4b34-8124-f95c1a27b182",
              "parentUUID": "3dcd7510-2a0b-437e-8e8a-cdd2677abdd8",
              "isHook": false,
              "skipped": false
            },
            {
              "title": "Debe permitir buscar un ticket",
              "fullTitle": "Pruebas E2E - Módulo de Tickets SIGMA Debe permitir buscar un ticket",
              "timedOut": null,
              "duration": 2546,
              "state": "passed",
              "speed": "fast",
              "pass": true,
              "fail": false,
              "pending": false,
              "context": null,
              "code": "// Escribir una búsqueda\ncy.get(\".input-busqueda\").type(\"ticket\");\n// Verificar que el campo conserva la búsqueda\ncy.get(\".input-busqueda\").should(\"have.value\", \"ticket\");",
              "err": {},
              "uuid": "7436f8e7-db97-47e1-933c-756e79856f4c",
              "parentUUID": "3dcd7510-2a0b-437e-8e8a-cdd2677abdd8",
              "isHook": false,
              "skipped": false
            },
            {
              "title": "Debe permitir filtrar tickets por estado",
              "fullTitle": "Pruebas E2E - Módulo de Tickets SIGMA Debe permitir filtrar tickets por estado",
              "timedOut": null,
              "duration": 2424,
              "state": "passed",
              "speed": "fast",
              "pass": true,
              "fail": false,
              "pending": false,
              "context": null,
              "code": "// Seleccionar estado Abierto\ncy.get(\".grupo-filtro\").contains(\"Estado:\").parent().find(\"select\").select(\"ABIERTO\");\n// Verificar que el filtro quedó seleccionado\ncy.get(\".grupo-filtro\").contains(\"Estado:\").parent().find(\"select\").should(\"have.value\", \"ABIERTO\");",
              "err": {},
              "uuid": "efe48869-13af-4a06-9200-22a6b81fc451",
              "parentUUID": "3dcd7510-2a0b-437e-8e8a-cdd2677abdd8",
              "isHook": false,
              "skipped": false
            },
            {
              "title": "Debe permitir filtrar tickets por prioridad",
              "fullTitle": "Pruebas E2E - Módulo de Tickets SIGMA Debe permitir filtrar tickets por prioridad",
              "timedOut": null,
              "duration": 2427,
              "state": "passed",
              "speed": "fast",
              "pass": true,
              "fail": false,
              "pending": false,
              "context": null,
              "code": "// Seleccionar prioridad Alta\ncy.get(\".grupo-filtro\").contains(\"Prioridad:\").parent().find(\"select\").select(\"ALTA\");\n// Verificar selección\ncy.get(\".grupo-filtro\").contains(\"Prioridad:\").parent().find(\"select\").should(\"have.value\", \"ALTA\");",
              "err": {},
              "uuid": "ab05c016-f3ed-420f-ad1b-11a3802b36d9",
              "parentUUID": "3dcd7510-2a0b-437e-8e8a-cdd2677abdd8",
              "isHook": false,
              "skipped": false
            },
            {
              "title": "Debe permitir utilizar los estados rápidos",
              "fullTitle": "Pruebas E2E - Módulo de Tickets SIGMA Debe permitir utilizar los estados rápidos",
              "timedOut": null,
              "duration": 2452,
              "state": "passed",
              "speed": "fast",
              "pass": true,
              "fail": false,
              "pending": false,
              "context": null,
              "code": "// Presionar Abierto\ncy.contains(\"button\", \"Abierto\").click();\n// Verificar que el botón queda activo\ncy.contains(\"button\", \"Abierto\").should(\"have.class\", \"active\");\n// Presionar En progreso\ncy.contains(\"button\", \"En progreso\").click();\ncy.contains(\"button\", \"En progreso\").should(\"have.class\", \"active\");\n// Presionar Cerrado\ncy.contains(\"button\", \"Cerrado\").click();\ncy.contains(\"button\", \"Cerrado\").should(\"have.class\", \"active\");",
              "err": {},
              "uuid": "1fdc5525-51a2-4640-ba6f-418fe83e9d8c",
              "parentUUID": "3dcd7510-2a0b-437e-8e8a-cdd2677abdd8",
              "isHook": false,
              "skipped": false
            },
            {
              "title": "Debe permitir visualizar el detalle de un ticket",
              "fullTitle": "Pruebas E2E - Módulo de Tickets SIGMA Debe permitir visualizar el detalle de un ticket",
              "timedOut": null,
              "duration": 2260,
              "state": "passed",
              "speed": "fast",
              "pass": true,
              "fail": false,
              "pending": false,
              "context": null,
              "code": "// Verificar si existen tickets cargados\ncy.get(\"body\").then($body => {\n  if ($body.find(\".btn-ver\").length > 0) {\n    // Abrir el primer ticket\n    cy.get(\".btn-ver\").first().click();\n    // Verificar que aparece el modal\n    cy.get(\".modal-ticket\").should(\"be.visible\");\n    // Verificar información del ticket\n    cy.contains(\"Activo\").should(\"be.visible\");\n    cy.contains(\"Responsable\").should(\"be.visible\");\n    cy.contains(\"Solicitante\").should(\"be.visible\");\n    cy.contains(\"Descripción\").should(\"be.visible\");\n    // Cerrar modal\n    cy.contains(\"Cerrar\").click();\n    // Verificar que el modal desapareció\n    cy.get(\".modal-ticket\").should(\"not.exist\");\n  } else {\n    // Si no hay tickets, verificar el mensaje correspondiente\n    cy.contains(\"No se encontraron tickets\").should(\"be.visible\");\n  }\n});",
              "err": {},
              "uuid": "dd76caaf-c8af-4f35-8de4-af00e190a838",
              "parentUUID": "3dcd7510-2a0b-437e-8e8a-cdd2677abdd8",
              "isHook": false,
              "skipped": false
            },
            {
              "title": "Debe navegar correctamente al formulario de Nuevo Ticket",
              "fullTitle": "Pruebas E2E - Módulo de Tickets SIGMA Debe navegar correctamente al formulario de Nuevo Ticket",
              "timedOut": null,
              "duration": 2471,
              "state": "passed",
              "speed": "fast",
              "pass": true,
              "fail": false,
              "pending": false,
              "context": null,
              "code": "// Presionar Nuevo ticket\ncy.contains(\"Nuevo ticket\").click();\n// Verificar redirección\ncy.url({\n  timeout: 10000\n}).should(\"include\", \"/NuevoTicket\");",
              "err": {},
              "uuid": "c33c43bf-87bc-4b65-b86c-be34796243d3",
              "parentUUID": "3dcd7510-2a0b-437e-8e8a-cdd2677abdd8",
              "isHook": false,
              "skipped": false
            }
          ],
          "suites": [],
          "passes": [
            "6e0230b6-c2a8-4b34-8124-f95c1a27b182",
            "7436f8e7-db97-47e1-933c-756e79856f4c",
            "efe48869-13af-4a06-9200-22a6b81fc451",
            "ab05c016-f3ed-420f-ad1b-11a3802b36d9",
            "1fdc5525-51a2-4640-ba6f-418fe83e9d8c",
            "dd76caaf-c8af-4f35-8de4-af00e190a838",
            "c33c43bf-87bc-4b65-b86c-be34796243d3"
          ],
          "failures": [],
          "pending": [],
          "skipped": [],
          "duration": 17867,
          "root": false,
          "rootEmpty": false,
          "_timeout": 2000
        }
      ],
      "passes": [],
      "failures": [],
      "pending": [],
      "skipped": [],
      "duration": 0,
      "root": true,
      "rootEmpty": true,
      "_timeout": 2000
    }
  ],
  "meta": {
    "mocha": {
      "version": "7.2.0"
    },
    "mochawesome": {
      "options": {
        "quiet": false,
        "reportFilename": "mochawesome",
        "saveHtml": false,
        "saveJson": true,
        "consoleReporter": "spec",
        "useInlineDiffs": false,
        "code": true
      },
      "version": "8.0.1"
    },
    "marge": {
      "options": {
        "reportDir": "cypress/reports",
        "overwrite": false,
        "html": false,
        "json": true
      },
      "version": "6.3.2"
    }
  }
}