{
  "stats": {
    "suites": 1,
    "tests": 8,
    "passes": 8,
    "pending": 0,
    "failures": 0,
    "start": "2026-09-01T02:01:53.049Z",
    "end": "2026-09-01T02:02:28.383Z",
    "duration": 35334,
    "testsRegistered": 8,
    "passPercent": 100,
    "pendingPercent": 0,
    "other": 0,
    "hasOther": false,
    "skipped": 0,
    "hasSkipped": false
  },
  "results": [
    {
      "uuid": "98801a95-b8f8-493b-9da9-b636834b6584",
      "title": "",
      "fullFile": "cypress\\e2e\\mantenimiento.cy.js",
      "file": "cypress\\e2e\\mantenimiento.cy.js",
      "beforeHooks": [],
      "afterHooks": [],
      "tests": [],
      "suites": [
        {
          "uuid": "f9ebc6f0-82a6-48f5-9387-b4d297505618",
          "title": "Pruebas E2E - Módulo de Mantenimiento SIGMA",
          "fullFile": "",
          "file": "",
          "beforeHooks": [],
          "afterHooks": [],
          "tests": [
            {
              "title": "Debe cargar correctamente el módulo de Mantenimiento",
              "fullTitle": "Pruebas E2E - Módulo de Mantenimiento SIGMA Debe cargar correctamente el módulo de Mantenimiento",
              "timedOut": null,
              "duration": 3426,
              "state": "passed",
              "speed": "fast",
              "pass": true,
              "fail": false,
              "pending": false,
              "context": null,
              "code": "cy.contains(\"Mantenimiento\").should(\"be.visible\");\ncy.contains(\"Ordenes Abiertas\").scrollIntoView().should(\"be.visible\");\ncy.contains(\"Presupuesto\").scrollIntoView().should(\"be.visible\");\ncy.contains(\"Total de Tickets\").scrollIntoView().should(\"be.visible\");\ncy.get(\"input\").filter('[placeholder*=\"Buscar\"], [placeholder*=\"buscar\"]').should(\"exist\");",
              "err": {},
              "uuid": "b1c07d02-dfa6-484f-a829-1e75ddd9ec05",
              "parentUUID": "f9ebc6f0-82a6-48f5-9387-b4d297505618",
              "isHook": false,
              "skipped": false
            },
            {
              "title": "Debe permitir buscar una orden de mantenimiento",
              "fullTitle": "Pruebas E2E - Módulo de Mantenimiento SIGMA Debe permitir buscar una orden de mantenimiento",
              "timedOut": null,
              "duration": 2560,
              "state": "passed",
              "speed": "fast",
              "pass": true,
              "fail": false,
              "pending": false,
              "context": null,
              "code": "cy.get(\"input\").filter('[placeholder*=\"Buscar\"], [placeholder*=\"buscar\"]').first().should(\"be.visible\").type(\"orden\");\ncy.get(\"input\").filter('[placeholder*=\"Buscar\"], [placeholder*=\"buscar\"]').first().should(\"have.value\", \"orden\");",
              "err": {},
              "uuid": "f896b155-a5f2-461d-a615-fb542ba040fe",
              "parentUUID": "f9ebc6f0-82a6-48f5-9387-b4d297505618",
              "isHook": false,
              "skipped": false
            },
            {
              "title": "Debe mostrar los filtros de estado y prioridad",
              "fullTitle": "Pruebas E2E - Módulo de Mantenimiento SIGMA Debe mostrar los filtros de estado y prioridad",
              "timedOut": null,
              "duration": 2356,
              "state": "passed",
              "speed": "fast",
              "pass": true,
              "fail": false,
              "pending": false,
              "context": null,
              "code": "cy.contains(\"Estado\").should(\"be.visible\");\ncy.contains(\"Prioridad\").should(\"be.visible\");",
              "err": {},
              "uuid": "4feaefe4-abf9-4f7f-b3c1-5066938d106f",
              "parentUUID": "f9ebc6f0-82a6-48f5-9387-b4d297505618",
              "isHook": false,
              "skipped": false
            },
            {
              "title": "Debe mostrar correctamente la sección de órdenes de mantenimiento",
              "fullTitle": "Pruebas E2E - Módulo de Mantenimiento SIGMA Debe mostrar correctamente la sección de órdenes de mantenimiento",
              "timedOut": null,
              "duration": 2232,
              "state": "passed",
              "speed": "fast",
              "pass": true,
              "fail": false,
              "pending": false,
              "context": null,
              "code": "cy.get(\".container-ordenes\").should(\"be.visible\");",
              "err": {},
              "uuid": "092628bd-2cd5-4508-9cb3-e4b08c32d23f",
              "parentUUID": "f9ebc6f0-82a6-48f5-9387-b4d297505618",
              "isHook": false,
              "skipped": false
            },
            {
              "title": "Debe permitir abrir el formulario de nueva orden",
              "fullTitle": "Pruebas E2E - Módulo de Mantenimiento SIGMA Debe permitir abrir el formulario de nueva orden",
              "timedOut": null,
              "duration": 2468,
              "state": "passed",
              "speed": "fast",
              "pass": true,
              "fail": false,
              "pending": false,
              "context": null,
              "code": "cy.contains(\"button\", \"+ Nueva Orden\").should(\"be.visible\").click();\ncy.get(\".modal-overlay\").should(\"exist\").and(\"be.visible\");\ncy.contains(\"Crear Nueva Orden\").should(\"be.visible\");\ncy.get(\".form-orden\").should(\"exist\");",
              "err": {},
              "uuid": "9892ba6a-443e-4d47-8c03-3883c4553582",
              "parentUUID": "f9ebc6f0-82a6-48f5-9387-b4d297505618",
              "isHook": false,
              "skipped": false
            },
            {
              "title": "Debe mostrar correctamente los campos de nueva orden",
              "fullTitle": "Pruebas E2E - Módulo de Mantenimiento SIGMA Debe mostrar correctamente los campos de nueva orden",
              "timedOut": null,
              "duration": 2403,
              "state": "passed",
              "speed": "fast",
              "pass": true,
              "fail": false,
              "pending": false,
              "context": null,
              "code": "// Abrir nueva orden\ncy.contains(\"button\", \"+ Nueva Orden\").should(\"be.visible\").click();\n// Verificar modal\ncy.get(\".modal-overlay\").should(\"exist\").and(\"be.visible\");\n// Verificar título\ncy.contains(\"Crear Nueva Orden\").should(\"be.visible\");\n// =======================================================\n// ACTIVO\n// =======================================================\ncy.get('select[name=\"activoId\"]').should(\"exist\").and(\"be.visible\");\n// =======================================================\n// TÉCNICO\n// =======================================================\ncy.get('select[name=\"tecnicoId\"]').should(\"exist\").and(\"be.visible\");\n// =======================================================\n// TIPO\n// =======================================================\ncy.get('select[name=\"tipo\"]').should(\"exist\").and(\"be.visible\");\n// =======================================================\n// PRIORIDAD\n// =======================================================\ncy.get('select[name=\"prioridad\"]').should(\"exist\").and(\"be.visible\");\n// =======================================================\n// ESTADO\n// =======================================================\ncy.get('select[name=\"estado\"]').should(\"exist\").and(\"be.visible\");\n// =======================================================\n// VENTANA\n// =======================================================\ncy.get('input[name=\"ventana\"]').should(\"exist\").and(\"be.visible\");\n// =======================================================\n// SUBVENTANA\n// =======================================================\ncy.get('input[name=\"ventanaSub\"]').should(\"exist\").scrollIntoView().should(\"be.visible\");\n// =======================================================\n// ORIGEN\n// =======================================================\ncy.get('select[name=\"origen\"]').should(\"exist\").and(\"be.visible\");\n// =======================================================\n// ID DE ORIGEN\n// =======================================================\ncy.get('input[name=\"origenId\"]').should(\"exist\").and(\"be.visible\");\n// =======================================================\n// DESCRIPCIÓN\n// =======================================================\ncy.get('textarea[name=\"descripcion\"]').should(\"exist\").and(\"be.visible\");\n// =======================================================\n// BOTÓN GUARDAR\n// =======================================================\ncy.contains(\"button\", \"Guardar\").should(\"exist\").and(\"be.visible\");\n// =======================================================\n// BOTÓN CERRAR\n// =======================================================\ncy.contains(\"button\", \"Cerrar\").should(\"exist\").and(\"be.visible\");",
              "err": {},
              "uuid": "e7d91d8a-103a-4626-8da2-d3240425c61c",
              "parentUUID": "f9ebc6f0-82a6-48f5-9387-b4d297505618",
              "isHook": false,
              "skipped": false
            },
            {
              "title": "Debe permitir cerrar el formulario de nueva orden",
              "fullTitle": "Pruebas E2E - Módulo de Mantenimiento SIGMA Debe permitir cerrar el formulario de nueva orden",
              "timedOut": null,
              "duration": 2465,
              "state": "passed",
              "speed": "fast",
              "pass": true,
              "fail": false,
              "pending": false,
              "context": null,
              "code": "// Abrir modal\ncy.contains(\"button\", \"+ Nueva Orden\").should(\"be.visible\").click();\n// Confirmar que está abierto\ncy.contains(\"Crear Nueva Orden\").should(\"be.visible\");\n// Cerrar\ncy.contains(\"button\", \"Cerrar\").should(\"be.visible\").click();\n// Verificar que desapareció\ncy.contains(\"Crear Nueva Orden\").should(\"not.exist\");\n// Verificar que desapareció el overlay\ncy.get(\".modal-overlay\").should(\"not.exist\");",
              "err": {},
              "uuid": "8f258b26-6671-45f0-a5fb-079febd4a89d",
              "parentUUID": "f9ebc6f0-82a6-48f5-9387-b4d297505618",
              "isHook": false,
              "skipped": false
            },
            {
              "title": "Debe permitir seleccionar los datos principales de una orden",
              "fullTitle": "Pruebas E2E - Módulo de Mantenimiento SIGMA Debe permitir seleccionar los datos principales de una orden",
              "timedOut": null,
              "duration": 17170,
              "state": "passed",
              "speed": "slow",
              "pass": true,
              "fail": false,
              "pending": false,
              "context": null,
              "code": "// Abrir modal\ncy.contains(\"button\", \"+ Nueva Orden\").should(\"be.visible\").click();\n// Verificar modal\ncy.contains(\"Crear Nueva Orden\").should(\"be.visible\");\n// =======================================================\n// ACTIVOS\n// =======================================================\ncy.get('select[name=\"activoId\"] option').should(\"have.length.greaterThan\", 1);\n// =======================================================\n// TÉCNICOS\n// =======================================================\ncy.get('select[name=\"tecnicoId\"] option').should(\"have.length.greaterThan\", 1);\n// =======================================================\n// TIPO\n// =======================================================\ncy.get('select[name=\"tipo\"]').select(\"CORRECTIVO\").should(\"have.value\", \"CORRECTIVO\");\n// =======================================================\n// PRIORIDAD\n// =======================================================\ncy.get('select[name=\"prioridad\"]').select(\"MEDIA\").should(\"have.value\", \"MEDIA\");\n// =======================================================\n// ESTADO\n// =======================================================\ncy.get('select[name=\"estado\"]').select(\"PENDIENTE\").should(\"have.value\", \"PENDIENTE\");\n// =======================================================\n// ORIGEN\n// =======================================================\ncy.get('select[name=\"origen\"]').select(\"Solicitud\").should(\"have.value\", \"Solicitud\");\n// =======================================================\n// VENTANA\n// =======================================================\ncy.get('input[name=\"ventana\"]').type(\"Hoy 10:00 - 14:00\").should(\"have.value\", \"Hoy 10:00 - 14:00\");\n// =======================================================\n// SUBVENTANA\n// =======================================================\ncy.get('input[name=\"ventanaSub\"]').type(\"2h retraso estimado\").should(\"have.value\", \"2h retraso estimado\");\n// =======================================================\n// ID DE ORIGEN\n// =======================================================\ncy.get('input[name=\"origenId\"]').type(\"#129\").should(\"have.value\", \"#129\");\n// =======================================================\n// DESCRIPCIÓN\n// =======================================================\ncy.get('textarea[name=\"descripcion\"]').type(\"Mantenimiento preventivo del activo.\").should(\"have.value\", \"Mantenimiento preventivo del activo.\");",
              "err": {},
              "uuid": "ff8fd63b-022e-44e0-b877-b9627203506c",
              "parentUUID": "f9ebc6f0-82a6-48f5-9387-b4d297505618",
              "isHook": false,
              "skipped": false
            }
          ],
          "suites": [],
          "passes": [
            "b1c07d02-dfa6-484f-a829-1e75ddd9ec05",
            "f896b155-a5f2-461d-a615-fb542ba040fe",
            "4feaefe4-abf9-4f7f-b3c1-5066938d106f",
            "092628bd-2cd5-4508-9cb3-e4b08c32d23f",
            "9892ba6a-443e-4d47-8c03-3883c4553582",
            "e7d91d8a-103a-4626-8da2-d3240425c61c",
            "8f258b26-6671-45f0-a5fb-079febd4a89d",
            "ff8fd63b-022e-44e0-b877-b9627203506c"
          ],
          "failures": [],
          "pending": [],
          "skipped": [],
          "duration": 35080,
          "root": false,
          "rootEmpty": false,
          "_timeout": 2000
        }
      ],
      "passes": [],
      "failures": [],
      "pending": [],
      "skipped": [],
      "duration": 0,
      "root": true,
      "rootEmpty": true,
      "_timeout": 2000
    }
  ],
  "meta": {
    "mocha": {
      "version": "7.2.0"
    },
    "mochawesome": {
      "options": {
        "quiet": false,
        "reportFilename": "mochawesome",
        "saveHtml": false,
        "saveJson": true,
        "consoleReporter": "spec",
        "useInlineDiffs": false,
        "code": true
      },
      "version": "8.0.1"
    },
    "marge": {
      "options": {
        "reportDir": "cypress/reports",
        "overwrite": false,
        "html": false,
        "json": true
      },
      "version": "6.3.2"
    }
  }
}