{
  "stats": {
    "suites": 1,
    "tests": 8,
    "passes": 8,
    "pending": 0,
    "failures": 0,
    "start": "2026-09-01T00:50:19.462Z",
    "end": "2026-09-01T00:51:00.936Z",
    "duration": 41474,
    "testsRegistered": 8,
    "passPercent": 100,
    "pendingPercent": 0,
    "other": 0,
    "hasOther": false,
    "skipped": 0,
    "hasSkipped": false
  },
  "results": [
    {
      "uuid": "1952fd95-fddc-4ecb-a535-339126746813",
      "title": "",
      "fullFile": "cypress\\e2e\\activos.cy.js",
      "file": "cypress\\e2e\\activos.cy.js",
      "beforeHooks": [],
      "afterHooks": [],
      "tests": [],
      "suites": [
        {
          "uuid": "4fce1b0f-3495-4d43-aac9-3b5155c6a715",
          "title": "Pruebas E2E - Módulo de Activos SIGMA",
          "fullFile": "",
          "file": "",
          "beforeHooks": [],
          "afterHooks": [],
          "tests": [
            {
              "title": "Debe visualizar correctamente el catálogo de activos",
              "fullTitle": "Pruebas E2E - Módulo de Activos SIGMA Debe visualizar correctamente el catálogo de activos",
              "timedOut": null,
              "duration": 1801,
              "state": "passed",
              "speed": "fast",
              "pass": true,
              "fail": false,
              "pending": false,
              "context": null,
              "code": "// Verificar título\ncy.contains(\"Catálogo de activos\").should(\"be.visible\");\n// Verificar descripción\ncy.contains(\"Visualiza los activos con su imagen, tipo y estado\").should(\"be.visible\");\n// Verificar barra de búsqueda\ncy.get('input[placeholder=\"Buscar activo por nombre\"]').should(\"be.visible\");\n// Verificar botón nuevo activo\ncy.contains(\"Nuevo activo\").should(\"be.visible\");\n// Verificar filtros\ncy.contains(\"Todos\").should(\"be.visible\");\ncy.contains(\"Celular\").should(\"be.visible\");\ncy.contains(\"Tablet\").should(\"be.visible\");\ncy.contains(\"Periféricos\").should(\"be.visible\");\ncy.contains(\"Pantalla\").should(\"be.visible\");",
              "err": {},
              "uuid": "843eb5c7-bc96-4f87-9ab1-8cdf3f4f0187",
              "parentUUID": "4fce1b0f-3495-4d43-aac9-3b5155c6a715",
              "isHook": false,
              "skipped": false
            },
            {
              "title": "Debe permitir buscar un activo por nombre",
              "fullTitle": "Pruebas E2E - Módulo de Activos SIGMA Debe permitir buscar un activo por nombre",
              "timedOut": null,
              "duration": 959,
              "state": "passed",
              "speed": "fast",
              "pass": true,
              "fail": false,
              "pending": false,
              "context": null,
              "code": "cy.get('input[placeholder=\"Buscar activo por nombre\"]').should(\"be.visible\").type(\"iPhone\");\n// Verificar que el campo conserva el texto\ncy.get('input[placeholder=\"Buscar activo por nombre\"]').should(\"have.value\", \"iPhone\");",
              "err": {},
              "uuid": "ddc6b795-bf1d-4d9a-b5c0-41fe78b8545a",
              "parentUUID": "4fce1b0f-3495-4d43-aac9-3b5155c6a715",
              "isHook": false,
              "skipped": false
            },
            {
              "title": "Debe permitir filtrar los activos por tipo",
              "fullTitle": "Pruebas E2E - Módulo de Activos SIGMA Debe permitir filtrar los activos por tipo",
              "timedOut": null,
              "duration": 754,
              "state": "passed",
              "speed": "fast",
              "pass": true,
              "fail": false,
              "pending": false,
              "context": null,
              "code": "// Seleccionar filtro Celular\ncy.contains(\"Celular\").click();\n// Verificar que el botón queda activo\ncy.contains(\"Celular\").should(\"have.class\", \"active\");",
              "err": {},
              "uuid": "818e5efb-3aa4-4d95-a2f1-1d97657c1aa5",
              "parentUUID": "4fce1b0f-3495-4d43-aac9-3b5155c6a715",
              "isHook": false,
              "skipped": false
            },
            {
              "title": "Debe permitir visualizar los detalles de un activo",
              "fullTitle": "Pruebas E2E - Módulo de Activos SIGMA Debe permitir visualizar los detalles de un activo",
              "timedOut": null,
              "duration": 6596,
              "state": "passed",
              "speed": "medium",
              "pass": true,
              "fail": false,
              "pending": false,
              "context": null,
              "code": "// Buscar el primer botón \"Ver detalles\"\ncy.contains(\"Ver detalles\").first().should(\"be.visible\").click();\n// Verificar que aparece el modal\ncy.get(\".modal-overlay\").should(\"be.visible\");\n// Verificar información del modal\ncy.get(\".modal-titulo\").should(\"be.visible\");\ncy.contains(\"Tipo\").should(\"be.visible\");\ncy.contains(\"N° de serie\").should(\"be.visible\");\ncy.contains(\"Responsable\").should(\"be.visible\");\ncy.contains(\"Descripción\").should(\"be.visible\");",
              "err": {},
              "uuid": "a17a91d2-5195-49ae-b033-f9e2ffafe4c6",
              "parentUUID": "4fce1b0f-3495-4d43-aac9-3b5155c6a715",
              "isHook": false,
              "skipped": false
            },
            {
              "title": "Debe permitir cerrar el detalle del activo",
              "fullTitle": "Pruebas E2E - Módulo de Activos SIGMA Debe permitir cerrar el detalle del activo",
              "timedOut": null,
              "duration": 9531,
              "state": "passed",
              "speed": "medium",
              "pass": true,
              "fail": false,
              "pending": false,
              "context": null,
              "code": "// Abrir detalles\ncy.contains(\"Ver detalles\").first().click();\n// Verificar modal\ncy.get(\".modal-overlay\").should(\"be.visible\");\n// Cerrar modal\ncy.get(\".modal-close\").click();\n// Verificar que desapareció\ncy.get(\".modal-overlay\").should(\"not.exist\");",
              "err": {},
              "uuid": "be284de1-4c24-47d8-a262-7730ba5f315a",
              "parentUUID": "4fce1b0f-3495-4d43-aac9-3b5155c6a715",
              "isHook": false,
              "skipped": false
            },
            {
              "title": "Debe permitir abrir la ventana de asignación de responsable",
              "fullTitle": "Pruebas E2E - Módulo de Activos SIGMA Debe permitir abrir la ventana de asignación de responsable",
              "timedOut": null,
              "duration": 8179,
              "state": "passed",
              "speed": "medium",
              "pass": true,
              "fail": false,
              "pending": false,
              "context": null,
              "code": "// Abrir responsable del primer activo\ncy.contains(\"Responsable\").first().click();\n// Verificar modal\ncy.get(\".modal-overlay\").should(\"be.visible\");\n// Verificar título\ncy.contains(\"Asignar responsable\").should(\"be.visible\");\n// Verificar información del activo\ncy.contains(\"Activo:\").should(\"be.visible\");\n// Verificar responsable actual\ncy.contains(\"Responsable actual:\").should(\"be.visible\");",
              "err": {},
              "uuid": "00f86c62-53b1-4c59-a44f-e9b9c4c4f6ce",
              "parentUUID": "4fce1b0f-3495-4d43-aac9-3b5155c6a715",
              "isHook": false,
              "skipped": false
            },
            {
              "title": "Debe permitir cerrar la ventana de asignación de responsable",
              "fullTitle": "Pruebas E2E - Módulo de Activos SIGMA Debe permitir cerrar la ventana de asignación de responsable",
              "timedOut": null,
              "duration": 8851,
              "state": "passed",
              "speed": "medium",
              "pass": true,
              "fail": false,
              "pending": false,
              "context": null,
              "code": "// Abrir modal\ncy.contains(\"Responsable\").first().click();\ncy.get(\".modal-overlay\").should(\"be.visible\");\n// Cerrar\ncy.get(\".modal-close\").click();\n// Verificar cierre\ncy.get(\".modal-overlay\").should(\"not.exist\");",
              "err": {},
              "uuid": "4deb0dc0-49b3-4638-928a-c00a67825866",
              "parentUUID": "4fce1b0f-3495-4d43-aac9-3b5155c6a715",
              "isHook": false,
              "skipped": false
            },
            {
              "title": "Debe permitir acceder al formulario de nuevo activo",
              "fullTitle": "Pruebas E2E - Módulo de Activos SIGMA Debe permitir acceder al formulario de nuevo activo",
              "timedOut": null,
              "duration": 2013,
              "state": "passed",
              "speed": "fast",
              "pass": true,
              "fail": false,
              "pending": false,
              "context": null,
              "code": "cy.contains(\"Nuevo activo\").should(\"be.visible\").click();\n// Verificar URL\ncy.url().should(\"include\", \"/NuevoActivo\");",
              "err": {},
              "uuid": "5295af31-fd4e-4a00-a979-884da1ce1779",
              "parentUUID": "4fce1b0f-3495-4d43-aac9-3b5155c6a715",
              "isHook": false,
              "skipped": false
            }
          ],
          "suites": [],
          "passes": [
            "843eb5c7-bc96-4f87-9ab1-8cdf3f4f0187",
            "ddc6b795-bf1d-4d9a-b5c0-41fe78b8545a",
            "818e5efb-3aa4-4d95-a2f1-1d97657c1aa5",
            "a17a91d2-5195-49ae-b033-f9e2ffafe4c6",
            "be284de1-4c24-47d8-a262-7730ba5f315a",
            "00f86c62-53b1-4c59-a44f-e9b9c4c4f6ce",
            "4deb0dc0-49b3-4638-928a-c00a67825866",
            "5295af31-fd4e-4a00-a979-884da1ce1779"
          ],
          "failures": [],
          "pending": [],
          "skipped": [],
          "duration": 38684,
          "root": false,
          "rootEmpty": false,
          "_timeout": 2000
        }
      ],
      "passes": [],
      "failures": [],
      "pending": [],
      "skipped": [],
      "duration": 0,
      "root": true,
      "rootEmpty": true,
      "_timeout": 2000
    }
  ],
  "meta": {
    "mocha": {
      "version": "7.2.0"
    },
    "mochawesome": {
      "options": {
        "quiet": false,
        "reportFilename": "mochawesome",
        "saveHtml": false,
        "saveJson": true,
        "consoleReporter": "spec",
        "useInlineDiffs": false,
        "code": true
      },
      "version": "8.0.1"
    },
    "marge": {
      "options": {
        "reportDir": "cypress/reports",
        "overwrite": false,
        "html": false,
        "json": true
      },
      "version": "6.3.2"
    }
  }
}