{
  "stats": {
    "suites": 1,
    "tests": 8,
    "passes": 8,
    "pending": 0,
    "failures": 0,
    "start": "2026-09-01T02:01:04.984Z",
    "end": "2026-09-01T02:01:47.679Z",
    "duration": 42695,
    "testsRegistered": 8,
    "passPercent": 100,
    "pendingPercent": 0,
    "other": 0,
    "hasOther": false,
    "skipped": 0,
    "hasSkipped": false
  },
  "results": [
    {
      "uuid": "8379645f-1c65-4074-acd5-3b5a63816938",
      "title": "",
      "fullFile": "cypress\\e2e\\activos.cy.js",
      "file": "cypress\\e2e\\activos.cy.js",
      "beforeHooks": [],
      "afterHooks": [],
      "tests": [],
      "suites": [
        {
          "uuid": "930bd852-8ef3-4d94-a465-52f8d987d1ba",
          "title": "Pruebas E2E - Módulo de Activos SIGMA",
          "fullFile": "",
          "file": "",
          "beforeHooks": [],
          "afterHooks": [],
          "tests": [
            {
              "title": "Debe visualizar correctamente el catálogo de activos",
              "fullTitle": "Pruebas E2E - Módulo de Activos SIGMA Debe visualizar correctamente el catálogo de activos",
              "timedOut": null,
              "duration": 1937,
              "state": "passed",
              "speed": "fast",
              "pass": true,
              "fail": false,
              "pending": false,
              "context": null,
              "code": "// Verificar título\ncy.contains(\"Catálogo de activos\").should(\"be.visible\");\n// Verificar descripción\ncy.contains(\"Visualiza los activos con su imagen, tipo y estado\").should(\"be.visible\");\n// Verificar barra de búsqueda\ncy.get('input[placeholder=\"Buscar activo por nombre\"]').should(\"be.visible\");\n// Verificar botón nuevo activo\ncy.contains(\"Nuevo activo\").should(\"be.visible\");\n// Verificar filtros\ncy.contains(\"Todos\").should(\"be.visible\");\ncy.contains(\"Celular\").should(\"be.visible\");\ncy.contains(\"Tablet\").should(\"be.visible\");\ncy.contains(\"Periféricos\").should(\"be.visible\");\ncy.contains(\"Pantalla\").should(\"be.visible\");",
              "err": {},
              "uuid": "489d1d1c-a084-4b49-8a5a-b03a839e7a5b",
              "parentUUID": "930bd852-8ef3-4d94-a465-52f8d987d1ba",
              "isHook": false,
              "skipped": false
            },
            {
              "title": "Debe permitir buscar un activo por nombre",
              "fullTitle": "Pruebas E2E - Módulo de Activos SIGMA Debe permitir buscar un activo por nombre",
              "timedOut": null,
              "duration": 947,
              "state": "passed",
              "speed": "fast",
              "pass": true,
              "fail": false,
              "pending": false,
              "context": null,
              "code": "cy.get('input[placeholder=\"Buscar activo por nombre\"]').should(\"be.visible\").type(\"iPhone\");\n// Verificar que el campo conserva el texto\ncy.get('input[placeholder=\"Buscar activo por nombre\"]').should(\"have.value\", \"iPhone\");",
              "err": {},
              "uuid": "60ff50bd-feca-4184-a86e-78d65f770f67",
              "parentUUID": "930bd852-8ef3-4d94-a465-52f8d987d1ba",
              "isHook": false,
              "skipped": false
            },
            {
              "title": "Debe permitir filtrar los activos por tipo",
              "fullTitle": "Pruebas E2E - Módulo de Activos SIGMA Debe permitir filtrar los activos por tipo",
              "timedOut": null,
              "duration": 727,
              "state": "passed",
              "speed": "fast",
              "pass": true,
              "fail": false,
              "pending": false,
              "context": null,
              "code": "// Seleccionar filtro Celular\ncy.contains(\"Celular\").click();\n// Verificar que el botón queda activo\ncy.contains(\"Celular\").should(\"have.class\", \"active\");",
              "err": {},
              "uuid": "2918ab9f-79c4-416c-8862-89711991db0a",
              "parentUUID": "930bd852-8ef3-4d94-a465-52f8d987d1ba",
              "isHook": false,
              "skipped": false
            },
            {
              "title": "Debe permitir visualizar los detalles de un activo",
              "fullTitle": "Pruebas E2E - Módulo de Activos SIGMA Debe permitir visualizar los detalles de un activo",
              "timedOut": null,
              "duration": 7162,
              "state": "passed",
              "speed": "medium",
              "pass": true,
              "fail": false,
              "pending": false,
              "context": null,
              "code": "// Buscar el primer botón \"Ver detalles\"\ncy.contains(\"Ver detalles\").first().should(\"be.visible\").click();\n// Verificar que aparece el modal\ncy.get(\".modal-overlay\").should(\"be.visible\");\n// Verificar información del modal\ncy.get(\".modal-titulo\").should(\"be.visible\");\ncy.contains(\"Tipo\").should(\"be.visible\");\ncy.contains(\"N° de serie\").should(\"be.visible\");\ncy.contains(\"Responsable\").should(\"be.visible\");\ncy.contains(\"Descripción\").should(\"be.visible\");",
              "err": {},
              "uuid": "a411dc45-2a3e-42f2-b3c7-4121895ddc27",
              "parentUUID": "930bd852-8ef3-4d94-a465-52f8d987d1ba",
              "isHook": false,
              "skipped": false
            },
            {
              "title": "Debe permitir cerrar el detalle del activo",
              "fullTitle": "Pruebas E2E - Módulo de Activos SIGMA Debe permitir cerrar el detalle del activo",
              "timedOut": null,
              "duration": 10075,
              "state": "passed",
              "speed": "slow",
              "pass": true,
              "fail": false,
              "pending": false,
              "context": null,
              "code": "// Abrir detalles\ncy.contains(\"Ver detalles\").first().click();\n// Verificar modal\ncy.get(\".modal-overlay\").should(\"be.visible\");\n// Cerrar modal\ncy.get(\".modal-close\").click();\n// Verificar que desapareció\ncy.get(\".modal-overlay\").should(\"not.exist\");",
              "err": {},
              "uuid": "efdb3e44-2d0a-4d5b-8a58-14df7590da87",
              "parentUUID": "930bd852-8ef3-4d94-a465-52f8d987d1ba",
              "isHook": false,
              "skipped": false
            },
            {
              "title": "Debe permitir abrir la ventana de asignación de responsable",
              "fullTitle": "Pruebas E2E - Módulo de Activos SIGMA Debe permitir abrir la ventana de asignación de responsable",
              "timedOut": null,
              "duration": 8389,
              "state": "passed",
              "speed": "medium",
              "pass": true,
              "fail": false,
              "pending": false,
              "context": null,
              "code": "// Abrir responsable del primer activo\ncy.contains(\"Responsable\").first().click();\n// Verificar modal\ncy.get(\".modal-overlay\").should(\"be.visible\");\n// Verificar título\ncy.contains(\"Asignar responsable\").should(\"be.visible\");\n// Verificar información del activo\ncy.contains(\"Activo:\").should(\"be.visible\");\n// Verificar responsable actual\ncy.contains(\"Responsable actual:\").should(\"be.visible\");",
              "err": {},
              "uuid": "36bf9517-41a0-47ee-a766-6ce1b7048226",
              "parentUUID": "930bd852-8ef3-4d94-a465-52f8d987d1ba",
              "isHook": false,
              "skipped": false
            },
            {
              "title": "Debe permitir cerrar la ventana de asignación de responsable",
              "fullTitle": "Pruebas E2E - Módulo de Activos SIGMA Debe permitir cerrar la ventana de asignación de responsable",
              "timedOut": null,
              "duration": 8851,
              "state": "passed",
              "speed": "medium",
              "pass": true,
              "fail": false,
              "pending": false,
              "context": null,
              "code": "// Abrir modal\ncy.contains(\"Responsable\").first().click();\ncy.get(\".modal-overlay\").should(\"be.visible\");\n// Cerrar\ncy.get(\".modal-close\").click();\n// Verificar cierre\ncy.get(\".modal-overlay\").should(\"not.exist\");",
              "err": {},
              "uuid": "89123df6-a748-445d-bfbe-be55eff3bc92",
              "parentUUID": "930bd852-8ef3-4d94-a465-52f8d987d1ba",
              "isHook": false,
              "skipped": false
            },
            {
              "title": "Debe permitir acceder al formulario de nuevo activo",
              "fullTitle": "Pruebas E2E - Módulo de Activos SIGMA Debe permitir acceder al formulario de nuevo activo",
              "timedOut": null,
              "duration": 2022,
              "state": "passed",
              "speed": "fast",
              "pass": true,
              "fail": false,
              "pending": false,
              "context": null,
              "code": "cy.contains(\"Nuevo activo\").should(\"be.visible\").click();\n// Verificar URL\ncy.url().should(\"include\", \"/NuevoActivo\");",
              "err": {},
              "uuid": "3e5bf17a-21f7-4d05-a075-fa793eabab22",
              "parentUUID": "930bd852-8ef3-4d94-a465-52f8d987d1ba",
              "isHook": false,
              "skipped": false
            }
          ],
          "suites": [],
          "passes": [
            "489d1d1c-a084-4b49-8a5a-b03a839e7a5b",
            "60ff50bd-feca-4184-a86e-78d65f770f67",
            "2918ab9f-79c4-416c-8862-89711991db0a",
            "a411dc45-2a3e-42f2-b3c7-4121895ddc27",
            "efdb3e44-2d0a-4d5b-8a58-14df7590da87",
            "36bf9517-41a0-47ee-a766-6ce1b7048226",
            "89123df6-a748-445d-bfbe-be55eff3bc92",
            "3e5bf17a-21f7-4d05-a075-fa793eabab22"
          ],
          "failures": [],
          "pending": [],
          "skipped": [],
          "duration": 40110,
          "root": false,
          "rootEmpty": false,
          "_timeout": 2000
        }
      ],
      "passes": [],
      "failures": [],
      "pending": [],
      "skipped": [],
      "duration": 0,
      "root": true,
      "rootEmpty": true,
      "_timeout": 2000
    }
  ],
  "meta": {
    "mocha": {
      "version": "7.2.0"
    },
    "mochawesome": {
      "options": {
        "quiet": false,
        "reportFilename": "mochawesome",
        "saveHtml": false,
        "saveJson": true,
        "consoleReporter": "spec",
        "useInlineDiffs": false,
        "code": true
      },
      "version": "8.0.1"
    },
    "marge": {
      "options": {
        "reportDir": "cypress/reports",
        "overwrite": false,
        "html": false,
        "json": true
      },
      "version": "6.3.2"
    }
  }
}