{
  "stats": {
    "suites": 1,
    "tests": 8,
    "passes": 8,
    "pending": 0,
    "failures": 0,
    "start": "2026-09-01T01:52:58.426Z",
    "end": "2026-09-01T01:53:43.553Z",
    "duration": 45127,
    "testsRegistered": 8,
    "passPercent": 100,
    "pendingPercent": 0,
    "other": 0,
    "hasOther": false,
    "skipped": 0,
    "hasSkipped": false
  },
  "results": [
    {
      "uuid": "39aa08a5-9934-4c71-a7cc-4307cacbf412",
      "title": "",
      "fullFile": "cypress\\e2e\\activos.cy.js",
      "file": "cypress\\e2e\\activos.cy.js",
      "beforeHooks": [],
      "afterHooks": [],
      "tests": [],
      "suites": [
        {
          "uuid": "5aea7360-9943-48e7-a003-63cf39b87e94",
          "title": "Pruebas E2E - Módulo de Activos SIGMA",
          "fullFile": "",
          "file": "",
          "beforeHooks": [],
          "afterHooks": [],
          "tests": [
            {
              "title": "Debe visualizar correctamente el catálogo de activos",
              "fullTitle": "Pruebas E2E - Módulo de Activos SIGMA Debe visualizar correctamente el catálogo de activos",
              "timedOut": null,
              "duration": 1766,
              "state": "passed",
              "speed": "fast",
              "pass": true,
              "fail": false,
              "pending": false,
              "context": null,
              "code": "// Verificar título\ncy.contains(\"Catálogo de activos\").should(\"be.visible\");\n// Verificar descripción\ncy.contains(\"Visualiza los activos con su imagen, tipo y estado\").should(\"be.visible\");\n// Verificar barra de búsqueda\ncy.get('input[placeholder=\"Buscar activo por nombre\"]').should(\"be.visible\");\n// Verificar botón nuevo activo\ncy.contains(\"Nuevo activo\").should(\"be.visible\");\n// Verificar filtros\ncy.contains(\"Todos\").should(\"be.visible\");\ncy.contains(\"Celular\").should(\"be.visible\");\ncy.contains(\"Tablet\").should(\"be.visible\");\ncy.contains(\"Periféricos\").should(\"be.visible\");\ncy.contains(\"Pantalla\").should(\"be.visible\");",
              "err": {},
              "uuid": "1e2d619a-76f6-4509-b316-eec030300f87",
              "parentUUID": "5aea7360-9943-48e7-a003-63cf39b87e94",
              "isHook": false,
              "skipped": false
            },
            {
              "title": "Debe permitir buscar un activo por nombre",
              "fullTitle": "Pruebas E2E - Módulo de Activos SIGMA Debe permitir buscar un activo por nombre",
              "timedOut": null,
              "duration": 968,
              "state": "passed",
              "speed": "fast",
              "pass": true,
              "fail": false,
              "pending": false,
              "context": null,
              "code": "cy.get('input[placeholder=\"Buscar activo por nombre\"]').should(\"be.visible\").type(\"iPhone\");\n// Verificar que el campo conserva el texto\ncy.get('input[placeholder=\"Buscar activo por nombre\"]').should(\"have.value\", \"iPhone\");",
              "err": {},
              "uuid": "e553357a-8e84-446a-94c1-69fd34dcfc82",
              "parentUUID": "5aea7360-9943-48e7-a003-63cf39b87e94",
              "isHook": false,
              "skipped": false
            },
            {
              "title": "Debe permitir filtrar los activos por tipo",
              "fullTitle": "Pruebas E2E - Módulo de Activos SIGMA Debe permitir filtrar los activos por tipo",
              "timedOut": null,
              "duration": 762,
              "state": "passed",
              "speed": "fast",
              "pass": true,
              "fail": false,
              "pending": false,
              "context": null,
              "code": "// Seleccionar filtro Celular\ncy.contains(\"Celular\").click();\n// Verificar que el botón queda activo\ncy.contains(\"Celular\").should(\"have.class\", \"active\");",
              "err": {},
              "uuid": "b10d715d-8d13-43c4-8fe8-c6a3f0d32a0a",
              "parentUUID": "5aea7360-9943-48e7-a003-63cf39b87e94",
              "isHook": false,
              "skipped": false
            },
            {
              "title": "Debe permitir visualizar los detalles de un activo",
              "fullTitle": "Pruebas E2E - Módulo de Activos SIGMA Debe permitir visualizar los detalles de un activo",
              "timedOut": null,
              "duration": 6700,
              "state": "passed",
              "speed": "medium",
              "pass": true,
              "fail": false,
              "pending": false,
              "context": null,
              "code": "// Buscar el primer botón \"Ver detalles\"\ncy.contains(\"Ver detalles\").first().should(\"be.visible\").click();\n// Verificar que aparece el modal\ncy.get(\".modal-overlay\").should(\"be.visible\");\n// Verificar información del modal\ncy.get(\".modal-titulo\").should(\"be.visible\");\ncy.contains(\"Tipo\").should(\"be.visible\");\ncy.contains(\"N° de serie\").should(\"be.visible\");\ncy.contains(\"Responsable\").should(\"be.visible\");\ncy.contains(\"Descripción\").should(\"be.visible\");",
              "err": {},
              "uuid": "2195dc22-8cf4-4adc-8286-953a1dd3d25f",
              "parentUUID": "5aea7360-9943-48e7-a003-63cf39b87e94",
              "isHook": false,
              "skipped": false
            },
            {
              "title": "Debe permitir cerrar el detalle del activo",
              "fullTitle": "Pruebas E2E - Módulo de Activos SIGMA Debe permitir cerrar el detalle del activo",
              "timedOut": null,
              "duration": 10996,
              "state": "passed",
              "speed": "slow",
              "pass": true,
              "fail": false,
              "pending": false,
              "context": null,
              "code": "// Abrir detalles\ncy.contains(\"Ver detalles\").first().click();\n// Verificar modal\ncy.get(\".modal-overlay\").should(\"be.visible\");\n// Cerrar modal\ncy.get(\".modal-close\").click();\n// Verificar que desapareció\ncy.get(\".modal-overlay\").should(\"not.exist\");",
              "err": {},
              "uuid": "41b15690-c77d-4888-9ac4-c73d5e62fb77",
              "parentUUID": "5aea7360-9943-48e7-a003-63cf39b87e94",
              "isHook": false,
              "skipped": false
            },
            {
              "title": "Debe permitir abrir la ventana de asignación de responsable",
              "fullTitle": "Pruebas E2E - Módulo de Activos SIGMA Debe permitir abrir la ventana de asignación de responsable",
              "timedOut": null,
              "duration": 8639,
              "state": "passed",
              "speed": "medium",
              "pass": true,
              "fail": false,
              "pending": false,
              "context": null,
              "code": "// Abrir responsable del primer activo\ncy.contains(\"Responsable\").first().click();\n// Verificar modal\ncy.get(\".modal-overlay\").should(\"be.visible\");\n// Verificar título\ncy.contains(\"Asignar responsable\").should(\"be.visible\");\n// Verificar información del activo\ncy.contains(\"Activo:\").should(\"be.visible\");\n// Verificar responsable actual\ncy.contains(\"Responsable actual:\").should(\"be.visible\");",
              "err": {},
              "uuid": "19912ad3-11bd-45f1-83d4-c263da8c3656",
              "parentUUID": "5aea7360-9943-48e7-a003-63cf39b87e94",
              "isHook": false,
              "skipped": false
            },
            {
              "title": "Debe permitir cerrar la ventana de asignación de responsable",
              "fullTitle": "Pruebas E2E - Módulo de Activos SIGMA Debe permitir cerrar la ventana de asignación de responsable",
              "timedOut": null,
              "duration": 10451,
              "state": "passed",
              "speed": "slow",
              "pass": true,
              "fail": false,
              "pending": false,
              "context": null,
              "code": "// Abrir modal\ncy.contains(\"Responsable\").first().click();\ncy.get(\".modal-overlay\").should(\"be.visible\");\n// Cerrar\ncy.get(\".modal-close\").click();\n// Verificar cierre\ncy.get(\".modal-overlay\").should(\"not.exist\");",
              "err": {},
              "uuid": "c156f61e-fa14-4eca-b0d4-3303684a77cd",
              "parentUUID": "5aea7360-9943-48e7-a003-63cf39b87e94",
              "isHook": false,
              "skipped": false
            },
            {
              "title": "Debe permitir acceder al formulario de nuevo activo",
              "fullTitle": "Pruebas E2E - Módulo de Activos SIGMA Debe permitir acceder al formulario de nuevo activo",
              "timedOut": null,
              "duration": 1837,
              "state": "passed",
              "speed": "fast",
              "pass": true,
              "fail": false,
              "pending": false,
              "context": null,
              "code": "cy.contains(\"Nuevo activo\").should(\"be.visible\").click();\n// Verificar URL\ncy.url().should(\"include\", \"/NuevoActivo\");",
              "err": {},
              "uuid": "1deef914-8ee4-4d4e-ad34-b5c6d8d05811",
              "parentUUID": "5aea7360-9943-48e7-a003-63cf39b87e94",
              "isHook": false,
              "skipped": false
            }
          ],
          "suites": [],
          "passes": [
            "1e2d619a-76f6-4509-b316-eec030300f87",
            "e553357a-8e84-446a-94c1-69fd34dcfc82",
            "b10d715d-8d13-43c4-8fe8-c6a3f0d32a0a",
            "2195dc22-8cf4-4adc-8286-953a1dd3d25f",
            "41b15690-c77d-4888-9ac4-c73d5e62fb77",
            "19912ad3-11bd-45f1-83d4-c263da8c3656",
            "c156f61e-fa14-4eca-b0d4-3303684a77cd",
            "1deef914-8ee4-4d4e-ad34-b5c6d8d05811"
          ],
          "failures": [],
          "pending": [],
          "skipped": [],
          "duration": 42119,
          "root": false,
          "rootEmpty": false,
          "_timeout": 2000
        }
      ],
      "passes": [],
      "failures": [],
      "pending": [],
      "skipped": [],
      "duration": 0,
      "root": true,
      "rootEmpty": true,
      "_timeout": 2000
    }
  ],
  "meta": {
    "mocha": {
      "version": "7.2.0"
    },
    "mochawesome": {
      "options": {
        "quiet": false,
        "reportFilename": "mochawesome",
        "saveHtml": false,
        "saveJson": true,
        "consoleReporter": "spec",
        "useInlineDiffs": false,
        "code": true
      },
      "version": "8.0.1"
    },
    "marge": {
      "options": {
        "reportDir": "cypress/reports",
        "overwrite": false,
        "html": false,
        "json": true
      },
      "version": "6.3.2"
    }
  }
}