{
  "stats": {
    "suites": 1,
    "tests": 10,
    "passes": 10,
    "pending": 0,
    "failures": 0,
    "start": "2026-09-01T02:02:30.179Z",
    "end": "2026-09-01T02:02:56.904Z",
    "duration": 26725,
    "testsRegistered": 10,
    "passPercent": 100,
    "pendingPercent": 0,
    "other": 0,
    "hasOther": false,
    "skipped": 0,
    "hasSkipped": false
  },
  "results": [
    {
      "uuid": "1621219c-cd75-4e69-81ba-ae0c2d218066",
      "title": "",
      "fullFile": "cypress\\e2e\\panel_admin.cy.js",
      "file": "cypress\\e2e\\panel_admin.cy.js",
      "beforeHooks": [],
      "afterHooks": [],
      "tests": [],
      "suites": [
        {
          "uuid": "dbd81870-6ac6-4e9d-a53a-f452b6eedd66",
          "title": "Pruebas E2E - Panel de Administrador SIGMA",
          "fullFile": "",
          "file": "",
          "beforeHooks": [],
          "afterHooks": [],
          "tests": [
            {
              "title": "Debe cargar correctamente el Panel de Administrador",
              "fullTitle": "Pruebas E2E - Panel de Administrador SIGMA Debe cargar correctamente el Panel de Administrador",
              "timedOut": null,
              "duration": 3834,
              "state": "passed",
              "speed": "fast",
              "pass": true,
              "fail": false,
              "pending": false,
              "context": null,
              "code": "cy.contains(\"Usuarios, roles y permisos\").should(\"be.visible\");\ncy.contains(\"Directorio de Usuarios\").should(\"be.visible\");",
              "err": {},
              "uuid": "f717e9f4-f583-48aa-b1f9-b1522f67d617",
              "parentUUID": "dbd81870-6ac6-4e9d-a53a-f452b6eedd66",
              "isHook": false,
              "skipped": false
            },
            {
              "title": "Debe mostrar correctamente los cuadros informativos",
              "fullTitle": "Pruebas E2E - Panel de Administrador SIGMA Debe mostrar correctamente los cuadros informativos",
              "timedOut": null,
              "duration": 2487,
              "state": "passed",
              "speed": "fast",
              "pass": true,
              "fail": false,
              "pending": false,
              "context": null,
              "code": "// Esperar a que carguen los datos\ncy.get(\"body\", {\n  timeout: 10000\n}).should(\"contain.text\", \"Total de Usuarios\");\n// Total de usuarios\ncy.contains(\"Total de Usuarios\").should(\"exist\");\n// Administradores\ncy.contains(\"Administradores\").should(\"exist\");\n// Responsables\n// Se usa exist porque Cypress detecta que este elemento\n// puede estar recortado por el overflow de su contenedor.\ncy.contains(\"Responsables\").should(\"exist\");\n// Operativos\ncy.contains(\"Operativos\").should(\"exist\");\n// Estadísticas\ncy.contains(\"Usuarios registrados\").should(\"exist\");\ncy.contains(\"Control del sistema y configuraciones\").should(\"exist\");\ncy.contains(\"Responsables de activos\").should(\"exist\");\ncy.contains(\"Gestor de Tickets y técnicos de mantenimiento\").should(\"exist\");",
              "err": {},
              "uuid": "62eb51d7-9e07-403b-a5a3-44e7665ac3f1",
              "parentUUID": "dbd81870-6ac6-4e9d-a53a-f452b6eedd66",
              "isHook": false,
              "skipped": false
            },
            {
              "title": "Debe mostrar correctamente los filtros de usuarios",
              "fullTitle": "Pruebas E2E - Panel de Administrador SIGMA Debe mostrar correctamente los filtros de usuarios",
              "timedOut": null,
              "duration": 2457,
              "state": "passed",
              "speed": "fast",
              "pass": true,
              "fail": false,
              "pending": false,
              "context": null,
              "code": "cy.contains(\"button\", \"Todos\").should(\"be.visible\");\ncy.contains(\"button\", \"Administradores\").should(\"be.visible\");\ncy.contains(\"button\", \"Responsables\").should(\"be.visible\");\ncy.contains(\"button\", \"Gestor de Tickets\").should(\"be.visible\");\ncy.contains(\"button\", \"Técnicos de mantenimiento\").should(\"be.visible\");",
              "err": {},
              "uuid": "339825de-1581-4395-99a4-117450d84e75",
              "parentUUID": "dbd81870-6ac6-4e9d-a53a-f452b6eedd66",
              "isHook": false,
              "skipped": false
            },
            {
              "title": "Debe permitir filtrar usuarios administradores",
              "fullTitle": "Pruebas E2E - Panel de Administrador SIGMA Debe permitir filtrar usuarios administradores",
              "timedOut": null,
              "duration": 2481,
              "state": "passed",
              "speed": "fast",
              "pass": true,
              "fail": false,
              "pending": false,
              "context": null,
              "code": "cy.contains(\"button\", \"Administradores\").should(\"be.visible\").click();\ncy.contains(\"button\", \"Administradores\").should(\"have.class\", \"active\");",
              "err": {},
              "uuid": "ecd692f6-a659-4208-9d32-8d19a939d53f",
              "parentUUID": "dbd81870-6ac6-4e9d-a53a-f452b6eedd66",
              "isHook": false,
              "skipped": false
            },
            {
              "title": "Debe permitir filtrar usuarios responsables",
              "fullTitle": "Pruebas E2E - Panel de Administrador SIGMA Debe permitir filtrar usuarios responsables",
              "timedOut": null,
              "duration": 2430,
              "state": "passed",
              "speed": "fast",
              "pass": true,
              "fail": false,
              "pending": false,
              "context": null,
              "code": "cy.contains(\"button\", \"Responsables\").should(\"be.visible\").click();\ncy.contains(\"button\", \"Responsables\").should(\"have.class\", \"active\");",
              "err": {},
              "uuid": "7488b3a3-a3dc-4822-9d52-b8e30ac6a8e5",
              "parentUUID": "dbd81870-6ac6-4e9d-a53a-f452b6eedd66",
              "isHook": false,
              "skipped": false
            },
            {
              "title": "Debe permitir filtrar usuarios gestores de tickets",
              "fullTitle": "Pruebas E2E - Panel de Administrador SIGMA Debe permitir filtrar usuarios gestores de tickets",
              "timedOut": null,
              "duration": 2520,
              "state": "passed",
              "speed": "fast",
              "pass": true,
              "fail": false,
              "pending": false,
              "context": null,
              "code": "cy.contains(\"button\", \"Gestor de Tickets\").should(\"be.visible\").click();\ncy.contains(\"button\", \"Gestor de Tickets\").should(\"have.class\", \"active\");",
              "err": {},
              "uuid": "8c6e004d-5720-40ff-830c-fb1dfc84b8a0",
              "parentUUID": "dbd81870-6ac6-4e9d-a53a-f452b6eedd66",
              "isHook": false,
              "skipped": false
            },
            {
              "title": "Debe permitir filtrar técnicos de mantenimiento",
              "fullTitle": "Pruebas E2E - Panel de Administrador SIGMA Debe permitir filtrar técnicos de mantenimiento",
              "timedOut": null,
              "duration": 2783,
              "state": "passed",
              "speed": "fast",
              "pass": true,
              "fail": false,
              "pending": false,
              "context": null,
              "code": "cy.contains(\"button\", \"Técnicos de mantenimiento\").should(\"be.visible\").click();\ncy.contains(\"button\", \"Técnicos de mantenimiento\").should(\"have.class\", \"active\");",
              "err": {},
              "uuid": "8f6e1231-e85e-4d3a-9f04-6ddeace32196",
              "parentUUID": "dbd81870-6ac6-4e9d-a53a-f452b6eedd66",
              "isHook": false,
              "skipped": false
            },
            {
              "title": "Debe mostrar correctamente el directorio de usuarios",
              "fullTitle": "Pruebas E2E - Panel de Administrador SIGMA Debe mostrar correctamente el directorio de usuarios",
              "timedOut": null,
              "duration": 2245,
              "state": "passed",
              "speed": "fast",
              "pass": true,
              "fail": false,
              "pending": false,
              "context": null,
              "code": "cy.contains(\"Directorio de Usuarios\").should(\"be.visible\");\ncy.get(\".contenedor-usuarios\").should(\"be.visible\");\ncy.get(\".usuarios-grid\").should(\"be.visible\");",
              "err": {},
              "uuid": "33fa848f-115c-404b-aaea-25708c2f9412",
              "parentUUID": "dbd81870-6ac6-4e9d-a53a-f452b6eedd66",
              "isHook": false,
              "skipped": false
            },
            {
              "title": "Debe permitir cambiar entre los diferentes filtros",
              "fullTitle": "Pruebas E2E - Panel de Administrador SIGMA Debe permitir cambiar entre los diferentes filtros",
              "timedOut": null,
              "duration": 2806,
              "state": "passed",
              "speed": "fast",
              "pass": true,
              "fail": false,
              "pending": false,
              "context": null,
              "code": "// Administradores\ncy.contains(\"button\", \"Administradores\").click();\ncy.contains(\"button\", \"Administradores\").should(\"have.class\", \"active\");\n// Responsables\ncy.contains(\"button\", \"Responsables\").click();\ncy.contains(\"button\", \"Responsables\").should(\"have.class\", \"active\");\n// Gestor de Tickets\ncy.contains(\"button\", \"Gestor de Tickets\").click();\ncy.contains(\"button\", \"Gestor de Tickets\").should(\"have.class\", \"active\");\n// Técnicos de mantenimiento\ncy.contains(\"button\", \"Técnicos de mantenimiento\").click();\ncy.contains(\"button\", \"Técnicos de mantenimiento\").should(\"have.class\", \"active\");\n// Volver a Todos\ncy.contains(\"button\", \"Todos\").click();\ncy.contains(\"button\", \"Todos\").should(\"have.class\", \"active\");",
              "err": {},
              "uuid": "7c78a974-8245-4289-89f1-9713a47d8d97",
              "parentUUID": "dbd81870-6ac6-4e9d-a53a-f452b6eedd66",
              "isHook": false,
              "skipped": false
            },
            {
              "title": "Debe mostrar los usuarios registrados en el directorio",
              "fullTitle": "Pruebas E2E - Panel de Administrador SIGMA Debe mostrar los usuarios registrados en el directorio",
              "timedOut": null,
              "duration": 2446,
              "state": "passed",
              "speed": "fast",
              "pass": true,
              "fail": false,
              "pending": false,
              "context": null,
              "code": "cy.get(\".usuarios-grid\", {\n  timeout: 10000\n}).should(\"be.visible\");\ncy.get(\".usuarios-grid\").children().should(\"have.length.greaterThan\", 0);",
              "err": {},
              "uuid": "9fa37661-9cb1-499d-88a7-1ef29a9a5e40",
              "parentUUID": "dbd81870-6ac6-4e9d-a53a-f452b6eedd66",
              "isHook": false,
              "skipped": false
            }
          ],
          "suites": [],
          "passes": [
            "f717e9f4-f583-48aa-b1f9-b1522f67d617",
            "62eb51d7-9e07-403b-a5a3-44e7665ac3f1",
            "339825de-1581-4395-99a4-117450d84e75",
            "ecd692f6-a659-4208-9d32-8d19a939d53f",
            "7488b3a3-a3dc-4822-9d52-b8e30ac6a8e5",
            "8c6e004d-5720-40ff-830c-fb1dfc84b8a0",
            "8f6e1231-e85e-4d3a-9f04-6ddeace32196",
            "33fa848f-115c-404b-aaea-25708c2f9412",
            "7c78a974-8245-4289-89f1-9713a47d8d97",
            "9fa37661-9cb1-499d-88a7-1ef29a9a5e40"
          ],
          "failures": [],
          "pending": [],
          "skipped": [],
          "duration": 26489,
          "root": false,
          "rootEmpty": false,
          "_timeout": 2000
        }
      ],
      "passes": [],
      "failures": [],
      "pending": [],
      "skipped": [],
      "duration": 0,
      "root": true,
      "rootEmpty": true,
      "_timeout": 2000
    }
  ],
  "meta": {
    "mocha": {
      "version": "7.2.0"
    },
    "mochawesome": {
      "options": {
        "quiet": false,
        "reportFilename": "mochawesome",
        "saveHtml": false,
        "saveJson": true,
        "consoleReporter": "spec",
        "useInlineDiffs": false,
        "code": true
      },
      "version": "8.0.1"
    },
    "marge": {
      "options": {
        "reportDir": "cypress/reports",
        "overwrite": false,
        "html": false,
        "json": true
      },
      "version": "6.3.2"
    }
  }
}