{
  "stats": {
    "suites": 1,
    "tests": 1,
    "passes": 1,
    "pending": 0,
    "failures": 0,
    "start": "2026-09-01T02:01:49.185Z",
    "end": "2026-09-01T02:01:51.624Z",
    "duration": 2439,
    "testsRegistered": 1,
    "passPercent": 100,
    "pendingPercent": 0,
    "other": 0,
    "hasOther": false,
    "skipped": 0,
    "hasSkipped": false
  },
  "results": [
    {
      "uuid": "1f31d6b5-e3b5-4388-ab31-e978a940d381",
      "title": "",
      "fullFile": "cypress\\e2e\\login.cy.js",
      "file": "cypress\\e2e\\login.cy.js",
      "beforeHooks": [],
      "afterHooks": [],
      "tests": [],
      "suites": [
        {
          "uuid": "5ce945e6-0ad4-49eb-ade6-2b46c729c7a9",
          "title": "Pruebas E2E - Login SIGMA",
          "fullFile": "",
          "file": "",
          "beforeHooks": [],
          "afterHooks": [],
          "tests": [
            {
              "title": "Debe iniciar sesión correctamente",
              "fullTitle": "Pruebas E2E - Login SIGMA Debe iniciar sesión correctamente",
              "timedOut": null,
              "duration": 2394,
              "state": "passed",
              "speed": "fast",
              "pass": true,
              "fail": false,
              "pending": false,
              "context": null,
              "code": "// Abrir SIGMA\ncy.visit(\"http://localhost:5173\");\n// Verificar que estamos en el login\ncy.contains(\"Inicia sesión\").should(\"be.visible\");\n// Escribir correo\ncy.get('input[type=\"email\"]').type(\"davidprueba@prueba.com\");\n// Escribir contraseña\ncy.get('input[type=\"password\"]').type(\"prueba1\");\n// Presionar botón de iniciar sesión\ncy.contains(\"Entrar en Sigma\").click();\n// Esperar a que termine el proceso de login\ncy.url().should(\"match\", /\\/(General|Home_responsable|Home_gestortickets|HomeTecniMantenimiento)$/);\n// Verificar que se guardó el token\ncy.window().then(window => {\n  expect(window.localStorage.getItem(\"token\")).to.not.be.null;\n});",
              "err": {},
              "uuid": "d8a3826e-6999-4ed7-b018-73a1be30d3ab",
              "parentUUID": "5ce945e6-0ad4-49eb-ade6-2b46c729c7a9",
              "isHook": false,
              "skipped": false
            }
          ],
          "suites": [],
          "passes": [
            "d8a3826e-6999-4ed7-b018-73a1be30d3ab"
          ],
          "failures": [],
          "pending": [],
          "skipped": [],
          "duration": 2394,
          "root": false,
          "rootEmpty": false,
          "_timeout": 2000
        }
      ],
      "passes": [],
      "failures": [],
      "pending": [],
      "skipped": [],
      "duration": 0,
      "root": true,
      "rootEmpty": true,
      "_timeout": 2000
    }
  ],
  "meta": {
    "mocha": {
      "version": "7.2.0"
    },
    "mochawesome": {
      "options": {
        "quiet": false,
        "reportFilename": "mochawesome",
        "saveHtml": false,
        "saveJson": true,
        "consoleReporter": "spec",
        "useInlineDiffs": false,
        "code": true
      },
      "version": "8.0.1"
    },
    "marge": {
      "options": {
        "reportDir": "cypress/reports",
        "overwrite": false,
        "html": false,
        "json": true
      },
      "version": "6.3.2"
    }
  }
}