{
  "stats": {
    "suites": 1,
    "tests": 8,
    "passes": 8,
    "pending": 0,
    "failures": 0,
    "start": "2026-09-01T01:53:49.294Z",
    "end": "2026-09-01T01:54:26.069Z",
    "duration": 36775,
    "testsRegistered": 8,
    "passPercent": 100,
    "pendingPercent": 0,
    "other": 0,
    "hasOther": false,
    "skipped": 0,
    "hasSkipped": false
  },
  "results": [
    {
      "uuid": "4f961919-b755-4332-9c82-acb581541371",
      "title": "",
      "fullFile": "cypress\\e2e\\mantenimiento.cy.js",
      "file": "cypress\\e2e\\mantenimiento.cy.js",
      "beforeHooks": [],
      "afterHooks": [],
      "tests": [],
      "suites": [
        {
          "uuid": "d1bcd27e-fb86-47d2-bb69-4f5243a1ee48",
          "title": "Pruebas E2E - Módulo de Mantenimiento SIGMA",
          "fullFile": "",
          "file": "",
          "beforeHooks": [],
          "afterHooks": [],
          "tests": [
            {
              "title": "Debe cargar correctamente el módulo de Mantenimiento",
              "fullTitle": "Pruebas E2E - Módulo de Mantenimiento SIGMA Debe cargar correctamente el módulo de Mantenimiento",
              "timedOut": null,
              "duration": 4094,
              "state": "passed",
              "speed": "fast",
              "pass": true,
              "fail": false,
              "pending": false,
              "context": null,
              "code": "cy.contains(\"Mantenimiento\").should(\"be.visible\");\ncy.contains(\"Ordenes Abiertas\").scrollIntoView().should(\"be.visible\");\ncy.contains(\"Presupuesto\").scrollIntoView().should(\"be.visible\");\ncy.contains(\"Total de Tickets\").scrollIntoView().should(\"be.visible\");\ncy.get(\"input\").filter('[placeholder*=\"Buscar\"], [placeholder*=\"buscar\"]').should(\"exist\");",
              "err": {},
              "uuid": "0bf92792-5852-42d7-bd01-45bdd02ecf81",
              "parentUUID": "d1bcd27e-fb86-47d2-bb69-4f5243a1ee48",
              "isHook": false,
              "skipped": false
            },
            {
              "title": "Debe permitir buscar una orden de mantenimiento",
              "fullTitle": "Pruebas E2E - Módulo de Mantenimiento SIGMA Debe permitir buscar una orden de mantenimiento",
              "timedOut": null,
              "duration": 2635,
              "state": "passed",
              "speed": "fast",
              "pass": true,
              "fail": false,
              "pending": false,
              "context": null,
              "code": "cy.get(\"input\").filter('[placeholder*=\"Buscar\"], [placeholder*=\"buscar\"]').first().should(\"be.visible\").type(\"orden\");\ncy.get(\"input\").filter('[placeholder*=\"Buscar\"], [placeholder*=\"buscar\"]').first().should(\"have.value\", \"orden\");",
              "err": {},
              "uuid": "dceae298-f305-4a1f-a1e6-f0470728a844",
              "parentUUID": "d1bcd27e-fb86-47d2-bb69-4f5243a1ee48",
              "isHook": false,
              "skipped": false
            },
            {
              "title": "Debe mostrar los filtros de estado y prioridad",
              "fullTitle": "Pruebas E2E - Módulo de Mantenimiento SIGMA Debe mostrar los filtros de estado y prioridad",
              "timedOut": null,
              "duration": 2635,
              "state": "passed",
              "speed": "fast",
              "pass": true,
              "fail": false,
              "pending": false,
              "context": null,
              "code": "cy.contains(\"Estado\").should(\"be.visible\");\ncy.contains(\"Prioridad\").should(\"be.visible\");",
              "err": {},
              "uuid": "bc68e5e4-7d0a-42ed-8550-2e3a5125ddaa",
              "parentUUID": "d1bcd27e-fb86-47d2-bb69-4f5243a1ee48",
              "isHook": false,
              "skipped": false
            },
            {
              "title": "Debe mostrar correctamente la sección de órdenes de mantenimiento",
              "fullTitle": "Pruebas E2E - Módulo de Mantenimiento SIGMA Debe mostrar correctamente la sección de órdenes de mantenimiento",
              "timedOut": null,
              "duration": 2322,
              "state": "passed",
              "speed": "fast",
              "pass": true,
              "fail": false,
              "pending": false,
              "context": null,
              "code": "cy.get(\".container-ordenes\").should(\"be.visible\");",
              "err": {},
              "uuid": "fc577dfb-e174-475f-bf67-97e38cc02aa2",
              "parentUUID": "d1bcd27e-fb86-47d2-bb69-4f5243a1ee48",
              "isHook": false,
              "skipped": false
            },
            {
              "title": "Debe permitir abrir el formulario de nueva orden",
              "fullTitle": "Pruebas E2E - Módulo de Mantenimiento SIGMA Debe permitir abrir el formulario de nueva orden",
              "timedOut": null,
              "duration": 2696,
              "state": "passed",
              "speed": "fast",
              "pass": true,
              "fail": false,
              "pending": false,
              "context": null,
              "code": "cy.contains(\"button\", \"+ Nueva Orden\").should(\"be.visible\").click();\ncy.get(\".modal-overlay\").should(\"exist\").and(\"be.visible\");\ncy.contains(\"Crear Nueva Orden\").should(\"be.visible\");\ncy.get(\".form-orden\").should(\"exist\");",
              "err": {},
              "uuid": "315f5a66-3c89-4993-a034-c347324979f6",
              "parentUUID": "d1bcd27e-fb86-47d2-bb69-4f5243a1ee48",
              "isHook": false,
              "skipped": false
            },
            {
              "title": "Debe mostrar correctamente los campos de nueva orden",
              "fullTitle": "Pruebas E2E - Módulo de Mantenimiento SIGMA Debe mostrar correctamente los campos de nueva orden",
              "timedOut": null,
              "duration": 2462,
              "state": "passed",
              "speed": "fast",
              "pass": true,
              "fail": false,
              "pending": false,
              "context": null,
              "code": "// Abrir nueva orden\ncy.contains(\"button\", \"+ Nueva Orden\").should(\"be.visible\").click();\n// Verificar modal\ncy.get(\".modal-overlay\").should(\"exist\").and(\"be.visible\");\n// Verificar título\ncy.contains(\"Crear Nueva Orden\").should(\"be.visible\");\n// =======================================================\n// ACTIVO\n// =======================================================\ncy.get('select[name=\"activoId\"]').should(\"exist\").and(\"be.visible\");\n// =======================================================\n// TÉCNICO\n// =======================================================\ncy.get('select[name=\"tecnicoId\"]').should(\"exist\").and(\"be.visible\");\n// =======================================================\n// TIPO\n// =======================================================\ncy.get('select[name=\"tipo\"]').should(\"exist\").and(\"be.visible\");\n// =======================================================\n// PRIORIDAD\n// =======================================================\ncy.get('select[name=\"prioridad\"]').should(\"exist\").and(\"be.visible\");\n// =======================================================\n// ESTADO\n// =======================================================\ncy.get('select[name=\"estado\"]').should(\"exist\").and(\"be.visible\");\n// =======================================================\n// VENTANA\n// =======================================================\ncy.get('input[name=\"ventana\"]').should(\"exist\").and(\"be.visible\");\n// =======================================================\n// SUBVENTANA\n// =======================================================\ncy.get('input[name=\"ventanaSub\"]').should(\"exist\").scrollIntoView().should(\"be.visible\");\n// =======================================================\n// ORIGEN\n// =======================================================\ncy.get('select[name=\"origen\"]').should(\"exist\").and(\"be.visible\");\n// =======================================================\n// ID DE ORIGEN\n// =======================================================\ncy.get('input[name=\"origenId\"]').should(\"exist\").and(\"be.visible\");\n// =======================================================\n// DESCRIPCIÓN\n// =======================================================\ncy.get('textarea[name=\"descripcion\"]').should(\"exist\").and(\"be.visible\");\n// =======================================================\n// BOTÓN GUARDAR\n// =======================================================\ncy.contains(\"button\", \"Guardar\").should(\"exist\").and(\"be.visible\");\n// =======================================================\n// BOTÓN CERRAR\n// =======================================================\ncy.contains(\"button\", \"Cerrar\").should(\"exist\").and(\"be.visible\");",
              "err": {},
              "uuid": "cd5c9db9-d75d-4496-b60e-2b355f998a23",
              "parentUUID": "d1bcd27e-fb86-47d2-bb69-4f5243a1ee48",
              "isHook": false,
              "skipped": false
            },
            {
              "title": "Debe permitir cerrar el formulario de nueva orden",
              "fullTitle": "Pruebas E2E - Módulo de Mantenimiento SIGMA Debe permitir cerrar el formulario de nueva orden",
              "timedOut": null,
              "duration": 2826,
              "state": "passed",
              "speed": "fast",
              "pass": true,
              "fail": false,
              "pending": false,
              "context": null,
              "code": "// Abrir modal\ncy.contains(\"button\", \"+ Nueva Orden\").should(\"be.visible\").click();\n// Confirmar que está abierto\ncy.contains(\"Crear Nueva Orden\").should(\"be.visible\");\n// Cerrar\ncy.contains(\"button\", \"Cerrar\").should(\"be.visible\").click();\n// Verificar que desapareció\ncy.contains(\"Crear Nueva Orden\").should(\"not.exist\");\n// Verificar que desapareció el overlay\ncy.get(\".modal-overlay\").should(\"not.exist\");",
              "err": {},
              "uuid": "43f7e188-545d-482f-9719-36c77a37634e",
              "parentUUID": "d1bcd27e-fb86-47d2-bb69-4f5243a1ee48",
              "isHook": false,
              "skipped": false
            },
            {
              "title": "Debe permitir seleccionar los datos principales de una orden",
              "fullTitle": "Pruebas E2E - Módulo de Mantenimiento SIGMA Debe permitir seleccionar los datos principales de una orden",
              "timedOut": null,
              "duration": 16837,
              "state": "passed",
              "speed": "slow",
              "pass": true,
              "fail": false,
              "pending": false,
              "context": null,
              "code": "// Abrir modal\ncy.contains(\"button\", \"+ Nueva Orden\").should(\"be.visible\").click();\n// Verificar modal\ncy.contains(\"Crear Nueva Orden\").should(\"be.visible\");\n// =======================================================\n// ACTIVOS\n// =======================================================\ncy.get('select[name=\"activoId\"] option').should(\"have.length.greaterThan\", 1);\n// =======================================================\n// TÉCNICOS\n// =======================================================\ncy.get('select[name=\"tecnicoId\"] option').should(\"have.length.greaterThan\", 1);\n// =======================================================\n// TIPO\n// =======================================================\ncy.get('select[name=\"tipo\"]').select(\"CORRECTIVO\").should(\"have.value\", \"CORRECTIVO\");\n// =======================================================\n// PRIORIDAD\n// =======================================================\ncy.get('select[name=\"prioridad\"]').select(\"MEDIA\").should(\"have.value\", \"MEDIA\");\n// =======================================================\n// ESTADO\n// =======================================================\ncy.get('select[name=\"estado\"]').select(\"PENDIENTE\").should(\"have.value\", \"PENDIENTE\");\n// =======================================================\n// ORIGEN\n// =======================================================\ncy.get('select[name=\"origen\"]').select(\"Solicitud\").should(\"have.value\", \"Solicitud\");\n// =======================================================\n// VENTANA\n// =======================================================\ncy.get('input[name=\"ventana\"]').type(\"Hoy 10:00 - 14:00\").should(\"have.value\", \"Hoy 10:00 - 14:00\");\n// =======================================================\n// SUBVENTANA\n// =======================================================\ncy.get('input[name=\"ventanaSub\"]').type(\"2h retraso estimado\").should(\"have.value\", \"2h retraso estimado\");\n// =======================================================\n// ID DE ORIGEN\n// =======================================================\ncy.get('input[name=\"origenId\"]').type(\"#129\").should(\"have.value\", \"#129\");\n// =======================================================\n// DESCRIPCIÓN\n// =======================================================\ncy.get('textarea[name=\"descripcion\"]').type(\"Mantenimiento preventivo del activo.\").should(\"have.value\", \"Mantenimiento preventivo del activo.\");",
              "err": {},
              "uuid": "554bec58-813f-40fb-a56d-efd3a8f4beca",
              "parentUUID": "d1bcd27e-fb86-47d2-bb69-4f5243a1ee48",
              "isHook": false,
              "skipped": false
            }
          ],
          "suites": [],
          "passes": [
            "0bf92792-5852-42d7-bd01-45bdd02ecf81",
            "dceae298-f305-4a1f-a1e6-f0470728a844",
            "bc68e5e4-7d0a-42ed-8550-2e3a5125ddaa",
            "fc577dfb-e174-475f-bf67-97e38cc02aa2",
            "315f5a66-3c89-4993-a034-c347324979f6",
            "cd5c9db9-d75d-4496-b60e-2b355f998a23",
            "43f7e188-545d-482f-9719-36c77a37634e",
            "554bec58-813f-40fb-a56d-efd3a8f4beca"
          ],
          "failures": [],
          "pending": [],
          "skipped": [],
          "duration": 36507,
          "root": false,
          "rootEmpty": false,
          "_timeout": 2000
        }
      ],
      "passes": [],
      "failures": [],
      "pending": [],
      "skipped": [],
      "duration": 0,
      "root": true,
      "rootEmpty": true,
      "_timeout": 2000
    }
  ],
  "meta": {
    "mocha": {
      "version": "7.2.0"
    },
    "mochawesome": {
      "options": {
        "quiet": false,
        "reportFilename": "mochawesome",
        "saveHtml": false,
        "saveJson": true,
        "consoleReporter": "spec",
        "useInlineDiffs": false,
        "code": true
      },
      "version": "8.0.1"
    },
    "marge": {
      "options": {
        "reportDir": "cypress/reports",
        "overwrite": false,
        "html": false,
        "json": true
      },
      "version": "6.3.2"
    }
  }
}