{
  "stats": {
    "suites": 1,
    "tests": 8,
    "passes": 8,
    "pending": 0,
    "failures": 0,
    "start": "2026-08-22T16:50:53.164Z",
    "end": "2026-08-22T16:51:33.088Z",
    "duration": 39924,
    "testsRegistered": 8,
    "passPercent": 100,
    "pendingPercent": 0,
    "other": 0,
    "hasOther": false,
    "skipped": 0,
    "hasSkipped": false
  },
  "results": [
    {
      "uuid": "9a037d77-3cc1-4f80-8bdf-2a3d0d3fda65",
      "title": "",
      "fullFile": "cypress\\e2e\\activos.cy.js",
      "file": "cypress\\e2e\\activos.cy.js",
      "beforeHooks": [],
      "afterHooks": [],
      "tests": [],
      "suites": [
        {
          "uuid": "fe741bc9-91fc-4635-b0b5-cbd54a982829",
          "title": "Pruebas E2E - Módulo de Activos SIGMA",
          "fullFile": "",
          "file": "",
          "beforeHooks": [],
          "afterHooks": [],
          "tests": [
            {
              "title": "Debe visualizar correctamente el catálogo de activos",
              "fullTitle": "Pruebas E2E - Módulo de Activos SIGMA Debe visualizar correctamente el catálogo de activos",
              "timedOut": null,
              "duration": 1688,
              "state": "passed",
              "speed": "fast",
              "pass": true,
              "fail": false,
              "pending": false,
              "context": null,
              "code": "// Verificar título\ncy.contains(\"Catálogo de activos\").should(\"be.visible\");\n// Verificar descripción\ncy.contains(\"Visualiza los activos con su imagen, tipo y estado\").should(\"be.visible\");\n// Verificar barra de búsqueda\ncy.get('input[placeholder=\"Buscar activo por nombre\"]').should(\"be.visible\");\n// Verificar botón nuevo activo\ncy.contains(\"Nuevo activo\").should(\"be.visible\");\n// Verificar filtros\ncy.contains(\"Todos\").should(\"be.visible\");\ncy.contains(\"Celular\").should(\"be.visible\");\ncy.contains(\"Tablet\").should(\"be.visible\");\ncy.contains(\"Periféricos\").should(\"be.visible\");\ncy.contains(\"Pantalla\").should(\"be.visible\");",
              "err": {},
              "uuid": "0fbddf4f-b737-4202-ba08-9df4647b644a",
              "parentUUID": "fe741bc9-91fc-4635-b0b5-cbd54a982829",
              "isHook": false,
              "skipped": false
            },
            {
              "title": "Debe permitir buscar un activo por nombre",
              "fullTitle": "Pruebas E2E - Módulo de Activos SIGMA Debe permitir buscar un activo por nombre",
              "timedOut": null,
              "duration": 899,
              "state": "passed",
              "speed": "fast",
              "pass": true,
              "fail": false,
              "pending": false,
              "context": null,
              "code": "cy.get('input[placeholder=\"Buscar activo por nombre\"]').should(\"be.visible\").type(\"iPhone\");\n// Verificar que el campo conserva el texto\ncy.get('input[placeholder=\"Buscar activo por nombre\"]').should(\"have.value\", \"iPhone\");",
              "err": {},
              "uuid": "2c0f08fe-e64e-4a7c-b5cf-a169701a832d",
              "parentUUID": "fe741bc9-91fc-4635-b0b5-cbd54a982829",
              "isHook": false,
              "skipped": false
            },
            {
              "title": "Debe permitir filtrar los activos por tipo",
              "fullTitle": "Pruebas E2E - Módulo de Activos SIGMA Debe permitir filtrar los activos por tipo",
              "timedOut": null,
              "duration": 684,
              "state": "passed",
              "speed": "fast",
              "pass": true,
              "fail": false,
              "pending": false,
              "context": null,
              "code": "// Seleccionar filtro Celular\ncy.contains(\"Celular\").click();\n// Verificar que el botón queda activo\ncy.contains(\"Celular\").should(\"have.class\", \"active\");",
              "err": {},
              "uuid": "41f1cd48-df83-4923-890f-6aade2ec37c4",
              "parentUUID": "fe741bc9-91fc-4635-b0b5-cbd54a982829",
              "isHook": false,
              "skipped": false
            },
            {
              "title": "Debe permitir visualizar los detalles de un activo",
              "fullTitle": "Pruebas E2E - Módulo de Activos SIGMA Debe permitir visualizar los detalles de un activo",
              "timedOut": null,
              "duration": 6441,
              "state": "passed",
              "speed": "medium",
              "pass": true,
              "fail": false,
              "pending": false,
              "context": null,
              "code": "// Buscar el primer botón \"Ver detalles\"\ncy.contains(\"Ver detalles\").first().should(\"be.visible\").click();\n// Verificar que aparece el modal\ncy.get(\".modal-overlay\").should(\"be.visible\");\n// Verificar información del modal\ncy.get(\".modal-titulo\").should(\"be.visible\");\ncy.contains(\"Tipo\").should(\"be.visible\");\ncy.contains(\"N° de serie\").should(\"be.visible\");\ncy.contains(\"Responsable\").should(\"be.visible\");\ncy.contains(\"Descripción\").should(\"be.visible\");",
              "err": {},
              "uuid": "78a19270-7f4b-4c38-a2f2-4c0db8c2e40c",
              "parentUUID": "fe741bc9-91fc-4635-b0b5-cbd54a982829",
              "isHook": false,
              "skipped": false
            },
            {
              "title": "Debe permitir cerrar el detalle del activo",
              "fullTitle": "Pruebas E2E - Módulo de Activos SIGMA Debe permitir cerrar el detalle del activo",
              "timedOut": null,
              "duration": 9917,
              "state": "passed",
              "speed": "medium",
              "pass": true,
              "fail": false,
              "pending": false,
              "context": null,
              "code": "// Abrir detalles\ncy.contains(\"Ver detalles\").first().click();\n// Verificar modal\ncy.get(\".modal-overlay\").should(\"be.visible\");\n// Cerrar modal\ncy.get(\".modal-close\").click();\n// Verificar que desapareció\ncy.get(\".modal-overlay\").should(\"not.exist\");",
              "err": {},
              "uuid": "6ccadf37-8697-4d0e-a092-b5a4a9b7a954",
              "parentUUID": "fe741bc9-91fc-4635-b0b5-cbd54a982829",
              "isHook": false,
              "skipped": false
            },
            {
              "title": "Debe permitir abrir la ventana de asignación de responsable",
              "fullTitle": "Pruebas E2E - Módulo de Activos SIGMA Debe permitir abrir la ventana de asignación de responsable",
              "timedOut": null,
              "duration": 7377,
              "state": "passed",
              "speed": "medium",
              "pass": true,
              "fail": false,
              "pending": false,
              "context": null,
              "code": "// Abrir responsable del primer activo\ncy.contains(\"Responsable\").first().click();\n// Verificar modal\ncy.get(\".modal-overlay\").should(\"be.visible\");\n// Verificar título\ncy.contains(\"Asignar responsable\").should(\"be.visible\");\n// Verificar información del activo\ncy.contains(\"Activo:\").should(\"be.visible\");\n// Verificar responsable actual\ncy.contains(\"Responsable actual:\").should(\"be.visible\");",
              "err": {},
              "uuid": "5b910c4d-158e-485e-96a4-4649e80ce8b2",
              "parentUUID": "fe741bc9-91fc-4635-b0b5-cbd54a982829",
              "isHook": false,
              "skipped": false
            },
            {
              "title": "Debe permitir cerrar la ventana de asignación de responsable",
              "fullTitle": "Pruebas E2E - Módulo de Activos SIGMA Debe permitir cerrar la ventana de asignación de responsable",
              "timedOut": null,
              "duration": 8720,
              "state": "passed",
              "speed": "medium",
              "pass": true,
              "fail": false,
              "pending": false,
              "context": null,
              "code": "// Abrir modal\ncy.contains(\"Responsable\").first().click();\ncy.get(\".modal-overlay\").should(\"be.visible\");\n// Cerrar\ncy.get(\".modal-close\").click();\n// Verificar cierre\ncy.get(\".modal-overlay\").should(\"not.exist\");",
              "err": {},
              "uuid": "a5bc8014-fcf6-4956-988f-80668ab4e502",
              "parentUUID": "fe741bc9-91fc-4635-b0b5-cbd54a982829",
              "isHook": false,
              "skipped": false
            },
            {
              "title": "Debe permitir acceder al formulario de nuevo activo",
              "fullTitle": "Pruebas E2E - Módulo de Activos SIGMA Debe permitir acceder al formulario de nuevo activo",
              "timedOut": null,
              "duration": 1783,
              "state": "passed",
              "speed": "fast",
              "pass": true,
              "fail": false,
              "pending": false,
              "context": null,
              "code": "cy.contains(\"Nuevo activo\").should(\"be.visible\").click();\n// Verificar URL\ncy.url().should(\"include\", \"/NuevoActivo\");",
              "err": {},
              "uuid": "87b9e37a-50f5-422e-84bd-8bcf8d6430d8",
              "parentUUID": "fe741bc9-91fc-4635-b0b5-cbd54a982829",
              "isHook": false,
              "skipped": false
            }
          ],
          "suites": [],
          "passes": [
            "0fbddf4f-b737-4202-ba08-9df4647b644a",
            "2c0f08fe-e64e-4a7c-b5cf-a169701a832d",
            "41f1cd48-df83-4923-890f-6aade2ec37c4",
            "78a19270-7f4b-4c38-a2f2-4c0db8c2e40c",
            "6ccadf37-8697-4d0e-a092-b5a4a9b7a954",
            "5b910c4d-158e-485e-96a4-4649e80ce8b2",
            "a5bc8014-fcf6-4956-988f-80668ab4e502",
            "87b9e37a-50f5-422e-84bd-8bcf8d6430d8"
          ],
          "failures": [],
          "pending": [],
          "skipped": [],
          "duration": 37509,
          "root": false,
          "rootEmpty": false,
          "_timeout": 2000
        }
      ],
      "passes": [],
      "failures": [],
      "pending": [],
      "skipped": [],
      "duration": 0,
      "root": true,
      "rootEmpty": true,
      "_timeout": 2000
    }
  ],
  "meta": {
    "mocha": {
      "version": "7.2.0"
    },
    "mochawesome": {
      "options": {
        "quiet": false,
        "reportFilename": "mochawesome",
        "saveHtml": false,
        "saveJson": true,
        "consoleReporter": "spec",
        "useInlineDiffs": false,
        "code": true
      },
      "version": "8.0.1"
    },
    "marge": {
      "options": {
        "reportDir": "cypress/reports",
        "overwrite": false,
        "html": false,
        "json": true
      },
      "version": "6.3.2"
    }
  }
}